[debug] [2025-03-19T06:01:15.406Z] ----------------------------------------------------------------------
[debug] [2025-03-19T06:01:15.410Z] Command:       C:\Program Files\nodejs\node.exe C:\Users\aaKis\AppData\Roaming\npm\node_modules\firebase-tools\lib\bin\firebase.js init
[debug] [2025-03-19T06:01:15.410Z] CLI Version:   13.34.0
[debug] [2025-03-19T06:01:15.411Z] Platform:      win32
[debug] [2025-03-19T06:01:15.411Z] Node Version:  v22.14.0
[debug] [2025-03-19T06:01:15.411Z] Time:          Wed Mar 19 2025 11:31:15 GMT+0530 (India Standard Time)
[debug] [2025-03-19T06:01:15.411Z] ----------------------------------------------------------------------
[debug] 
[debug] [2025-03-19T06:01:15.426Z] > command requires scopes: ["email","openid","https://www.googleapis.com/auth/cloudplatformprojects.readonly","https://www.googleapis.com/auth/firebase","https://www.googleapis.com/auth/cloud-platform"]
[debug] [2025-03-19T06:01:15.426Z] > authorizing via signed-in user (aakishore0@gmail.com)
[info] 
     ######## #### ########  ######## ########     ###     ######  ########
     ##        ##  ##     ## ##       ##     ##  ##   ##  ##       ##
     ######    ##  ########  ######   ########  #########  ######  ######
     ##        ##  ##    ##  ##       ##     ## ##     ##       ## ##
     ##       #### ##     ## ######## ########  ##     ##  ######  ########

You're about to initialize a Firebase project in this directory:

  D:\Portfolio\kishore_portfolio\public

[info] 
=== Project Setup
[info] 
[info] First, let's associate this project directory with a Firebase project.
[info] You can create multiple project aliases by running firebase use --add, 
[info] but for now we'll just set up a default project.
[info] 
[debug] [2025-03-19T06:01:25.529Z] Checked if tokens are valid: true, expires at: 1742367077741
[debug] [2025-03-19T06:01:25.530Z] Checked if tokens are valid: true, expires at: 1742367077741
[debug] [2025-03-19T06:01:25.533Z] >>> [apiv2][query] GET https://firebase.googleapis.com/v1beta1/projects pageSize=100
[debug] [2025-03-19T06:01:26.384Z] <<< [apiv2][status] GET https://firebase.googleapis.com/v1beta1/projects 200
[debug] [2025-03-19T06:01:26.384Z] <<< [apiv2][body] GET https://firebase.googleapis.com/v1beta1/projects [omitted]
[info] i  Using project kishore-portfolio-3426c (Kishore Portfolio) 
[info] 
=== Hosting Setup
[debug] [2025-03-19T06:01:27.807Z] Checked if tokens are valid: true, expires at: 1742367077741
[debug] [2025-03-19T06:01:27.807Z] Checked if tokens are valid: true, expires at: 1742367077741
[debug] [2025-03-19T06:01:27.808Z] >>> [apiv2][query] GET https://firebase.googleapis.com/v1beta1/projects/kishore-portfolio-3426c [none]
[debug] [2025-03-19T06:01:29.244Z] <<< [apiv2][status] GET https://firebase.googleapis.com/v1beta1/projects/kishore-portfolio-3426c 200
[debug] [2025-03-19T06:01:29.244Z] <<< [apiv2][body] GET https://firebase.googleapis.com/v1beta1/projects/kishore-portfolio-3426c {"projectId":"kishore-portfolio-3426c","projectNumber":"1047620368671","displayName":"Kishore Portfolio","name":"projects/kishore-portfolio-3426c","resources":{"hostingSite":"kishore-portfolio-3426c"},"state":"ACTIVE","etag":"1_f31e54d6-715e-4a9f-abe4-d9a97c0aeae9"}
[info] 
[info] Your public directory is the folder (relative to your project directory) that
[info] will contain Hosting assets to be uploaded with firebase deploy. If you
[info] have a build process for your assets, use your build's output directory.
[info] 
[debug] [2025-03-19T06:01:47.640Z] >>> [apiv2][query] GET https://www.gstatic.com/firebasejs/releases.json [none]
[debug] [2025-03-19T06:01:47.874Z] <<< [apiv2][status] GET https://www.gstatic.com/firebasejs/releases.json 200
[debug] [2025-03-19T06:01:47.874Z] <<< [apiv2][body] GET https://www.gstatic.com/firebasejs/releases.json {"current":{"version":"11.4.0","browserURL":"https://www.gstatic.com/firebasejs/11.4.0/firebase.js","packageURL":"https://www.gstatic.com/firebasejs/11.4.0/firebase.tgz"},"live":{"version":"11.4","browserURL":"https://www.gstatic.com/firebasejs/live/11.4/firebase.js","packageURL":"https://www.gstatic.com/firebasejs/live/11.4/firebase.tgz"},"components":{"analytics":"https://www.gstatic.com/firebasejs/11.4.0/firebase-analytics.js","app":"https://www.gstatic.com/firebasejs/11.4.0/firebase-app.js","app-check":"https://www.gstatic.com/firebasejs/11.4.0/firebase-app-check.js","auth":"https://www.gstatic.com/firebasejs/11.4.0/firebase-auth.js","auth/cordova":"https://www.gstatic.com/firebasejs/11.4.0/firebase-auth/cordova.js","auth/web-extension":"https://www.gstatic.com/firebasejs/11.4.0/firebase-auth/web-extension.js","functions":"https://www.gstatic.com/firebasejs/11.4.0/firebase-functions.js","firestore":"https://www.gstatic.com/firebasejs/11.4.0/firebase-firestore.js","firestore/lite":"https://www.gstatic.com/firebasejs/11.4.0/firebase-firestore/lite.js","installations":"https://www.gstatic.com/firebasejs/11.4.0/firebase-installations.js","storage":"https://www.gstatic.com/firebasejs/11.4.0/firebase-storage.js","performance":"https://www.gstatic.com/firebasejs/11.4.0/firebase-performance.js","remote-config":"https://www.gstatic.com/firebasejs/11.4.0/firebase-remote-config.js","messaging":"https://www.gstatic.com/firebasejs/11.4.0/firebase-messaging.js","messaging/sw":"https://www.gstatic.com/firebasejs/11.4.0/firebase-messaging/sw.js","database":"https://www.gstatic.com/firebasejs/11.4.0/firebase-database.js","vertexai":"https://www.gstatic.com/firebasejs/11.4.0/firebase-vertexai.js","data-connect":"https://www.gstatic.com/firebasejs/11.4.0/firebase-data-connect.js","firestore.memory":"https://www.gstatic.com/firebasejs/11.4.0/firebase-firestore.memory.js"}}
[info] i  public/index.html is unchanged 
[info] 
[info] i  Detected a .git folder at D:\Portfolio\kishore_portfolio 
[info] i  Authorizing with GitHub to upload your service account to a GitHub repository's secrets store. 
[info] 
[info] Visit this URL on this device to log in:
[info] https://github.com/login/oauth/authorize?client_id=89cf50f02ac6aaed3484&state=273126841&redirect_uri=http%3A%2F%2Flocalhost%3A9005&scope=read%3Auser%20repo%20public_repo
[info] 
[info] Waiting for authentication...
[debug] [2025-03-19T06:01:49.113Z] >>> [apiv2][query] POST https://github.com/login/oauth/access_token [none]
[debug] [2025-03-19T06:01:49.113Z] >>> [apiv2][body] POST https://github.com/login/oauth/access_token [stream]
[debug] [2025-03-19T06:01:49.717Z] <<< [apiv2][status] POST https://github.com/login/oauth/access_token 200
[debug] [2025-03-19T06:01:49.718Z] <<< [apiv2][body] POST https://github.com/login/oauth/access_token {"access_token":"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","token_type":"bearer","scope":"read:user,repo"}
[debug] [2025-03-19T06:01:49.727Z] >>> [apiv2][query] GET https://api.github.com/user [none]
[debug] [2025-03-19T06:01:50.284Z] <<< [apiv2][status] GET https://api.github.com/user 200
[debug] [2025-03-19T06:01:50.284Z] <<< [apiv2][body] GET https://api.github.com/user {"login":"kishore-a0","id":184836341,"node_id":"U_kgDOCwRg9Q","avatar_url":"https://avatars.githubusercontent.com/u/184836341?v=4","gravatar_id":"","url":"https://api.github.com/users/kishore-a0","html_url":"https://github.com/kishore-a0","followers_url":"https://api.github.com/users/kishore-a0/followers","following_url":"https://api.github.com/users/kishore-a0/following{/other_user}","gists_url":"https://api.github.com/users/kishore-a0/gists{/gist_id}","starred_url":"https://api.github.com/users/kishore-a0/starred{/owner}{/repo}","subscriptions_url":"https://api.github.com/users/kishore-a0/subscriptions","organizations_url":"https://api.github.com/users/kishore-a0/orgs","repos_url":"https://api.github.com/users/kishore-a0/repos","events_url":"https://api.github.com/users/kishore-a0/events{/privacy}","received_events_url":"https://api.github.com/users/kishore-a0/received_events","type":"User","user_view_type":"private","site_admin":false,"name":"Kishore","company":null,"blog":"","location":null,"email":null,"hireable":true,"bio":"Software Developer","twitter_username":null,"notification_email":null,"public_repos":3,"public_gists":0,"followers":0,"following":0,"created_at":"2024-10-13T12:55:17Z","updated_at":"2025-03-19T05:55:58Z","private_gists":0,"total_private_repos":0,"owned_private_repos":0,"disk_usage":2257,"collaborators":0,"two_factor_authentication":false,"plan":{"name":"free","space":976562499,"collaborators":0,"private_repos":10000}}
[info] 
[info] +  Success! Logged into GitHub as kishore-a0 
[info] 
[debug] [2025-03-19T06:02:19.527Z] >>> [apiv2][query] GET https://api.github.com/repos//actions/secrets/public-key type=owner
[debug] [2025-03-19T06:02:20.131Z] <<< [apiv2][status] GET https://api.github.com/repos//actions/secrets/public-key 404
[debug] [2025-03-19T06:02:20.131Z] <<< [apiv2][body] GET https://api.github.com/repos//actions/secrets/public-key {"message":"Not Found","documentation_url":"https://docs.github.com/rest","status":"404"}
[info] 
[info] 
[error] !  The provided authorization cannot be used with this repository. If this repository is in an organization, did you remember to grant access? 
[info] 
[info] i  Action required: Visit this URL to ensure access has been granted to the appropriate organization(s) for the Firebase CLI GitHub OAuth App: 
[info] https://github.com/settings/connections/applications/89cf50f02ac6aaed3484
[info] 
[debug] [2025-03-19T06:03:00.414Z] >>> [apiv2][query] GET https://api.github.com/repos//actions/secrets/public-key type=owner
[debug] [2025-03-19T06:03:00.987Z] <<< [apiv2][status] GET https://api.github.com/repos//actions/secrets/public-key 404
[debug] [2025-03-19T06:03:00.987Z] <<< [apiv2][body] GET https://api.github.com/repos//actions/secrets/public-key {"message":"Not Found","documentation_url":"https://docs.github.com/rest","status":"404"}
[info] 
[info] 
[error] !  The provided authorization cannot be used with this repository. If this repository is in an organization, did you remember to grant access? 
[info] 
[info] i  Action required: Visit this URL to ensure access has been granted to the appropriate organization(s) for the Firebase CLI GitHub OAuth App: 
[info] https://github.com/settings/connections/applications/89cf50f02ac6aaed3484
[info] 
[debug] [2025-03-19T06:13:19.013Z] >>> [apiv2][query] GET https://api.github.com/repos//actions/secrets/public-key type=owner
[debug] [2025-03-19T06:13:19.583Z] <<< [apiv2][status] GET https://api.github.com/repos//actions/secrets/public-key 404
[debug] [2025-03-19T06:13:19.583Z] <<< [apiv2][body] GET https://api.github.com/repos//actions/secrets/public-key {"message":"Not Found","documentation_url":"https://docs.github.com/rest","status":"404"}
[info] 
[info] 
[error] !  The provided authorization cannot be used with this repository. If this repository is in an organization, did you remember to grant access? 
[info] 
[info] i  Action required: Visit this URL to ensure access has been granted to the appropriate organization(s) for the Firebase CLI GitHub OAuth App: 
[info] https://github.com/settings/connections/applications/89cf50f02ac6aaed3484
[info] 
